<?xml version="1.0" encoding="UTF-8"?>
<testng-results ignored="0" total="1" passed="1" failed="0" skipped="0">
  <reporter-output>
    <line>
      <![CDATA[Created Organization Successfully]]>
    </line>
  </reporter-output>
  <suite started-at="2024-10-18T19:44:11 IST" name="Default suite" finished-at="2024-10-18T19:44:11 IST" duration-ms="136">
    <groups>
    </groups>
    <test started-at="2024-10-18T19:44:11 IST" name="Default test" finished-at="2024-10-18T19:44:11 IST" duration-ms="136">
      <class name="organization.CreateOrgTest">
        <test-method signature="createOrg()[pri:0, instance:organization.CreateOrgTest@563f38c4]" started-at="2024-10-18T19:44:11 IST" name="createOrg" finished-at="2024-10-18T19:44:11 IST" duration-ms="25" status="PASS">
          <reporter-output>
            <line>
              <![CDATA[Created Organization Successfully]]>
            </line>
          </reporter-output>
        </test-method> <!-- createOrg -->
      </class> <!-- organization.CreateOrgTest -->
    </test> <!-- Default test -->
  </suite> <!-- Default suite -->
</testng-results>
